[INFO] Scanning for projects...
[WARNING] 
[WARNING] Some problems were encountered while building the effective model for com.example:demo:jar:0.0.1-SNAPSHOT
[WARNING] 'dependencies.dependency.(groupId:artifactId:type:classifier)' must be unique: org.springframework.boot:spring-boot-starter-oauth2-resource-server:jar -> duplicate declaration of version (?) @ line 178, column 21
[WARNING] 
[WARNING] It is highly recommended to fix these problems because they threaten the stability of your build.
[WARNING] 
[WARNING] For this reason, future Maven versions might no longer support building such malformed projects.
[WARNING] 
[INFO] 
[INFO] --------------------------< com.example:demo >--------------------------
[INFO] Building demo 0.0.1-SNAPSHOT
[INFO]   from pom.xml
[INFO] --------------------------------[ jar ]---------------------------------
[INFO] 
[INFO] --- clean:3.3.2:clean (default-clean) @ demo ---
[INFO] Deleting C:\Myfile\MH\Senimar\App\ThuyetMinhPhoAmThuc\backend\demo\target
[INFO] 
[INFO] >>> spring-boot:3.2.5:run (default-cli) > test-compile @ demo >>>
[INFO] 
[INFO] --- resources:3.3.1:resources (default-resources) @ demo ---
[INFO] Copying 1 resource from src\main\resources to target\classes
[INFO] Copying 5 resources from src\main\resources to target\classes
[INFO] 
[INFO] --- compiler:3.11.0:compile (default-compile) @ demo ---
[INFO] Changes detected - recompiling the module! :source
[INFO] Compiling 146 source files with javac [debug release 17] to target\classes
[WARNING] --add-opens has no effect at compile time
[INFO] 
[INFO] --- resources:3.3.1:testResources (default-testResources) @ demo ---
[INFO] Copying 2 resources from src\test\resources to target\test-classes
[INFO] 
[INFO] --- compiler:3.11.0:testCompile (default-testCompile) @ demo ---
[INFO] Changes detected - recompiling the module! :dependency
[INFO] Compiling 2 source files with javac [debug release 17] to target\test-classes
[WARNING] --add-opens has no effect at compile time
[INFO] 
[INFO] <<< spring-boot:3.2.5:run (default-cli) < test-compile @ demo <<<
[INFO] 
[INFO] 
[INFO] --- spring-boot:3.2.5:run (default-cli) @ demo ---
[INFO] Attaching agents: []
DB_URL from dotenv: jdbc:mysql://localhost:3306/hung123?useSSL=false&allowPublicKeyRetrieval=true&serverTimezone=UTC
Standard Commons Logging discovery in action with spring-jcl: please remove commons-logging.jar from classpath in order to avoid potential conflicts

  .   ____          _            __ _ _
 /\\ / ___'_ __ _ _(_)_ __  __ _ \ \ \ \
( ( )\___ | '_ | '_| | '_ \/ _` | \ \ \ \
 \\/  ___)| |_)| | | | | || (_| |  ) ) ) )
  '  |____| .__|_| |_|_| |_\__, | / / / /
 =========|_|==============|___/=/_/_/_/
[32m :: Spring Boot :: [39m              [2m (v3.2.5)[0;39m

[2m19:26:22.109[0;39m [32m INFO[0;39m [36mcom.example.demo.DemoApplication        [0;39m : Starting DemoApplication using Java 17.0.12 with PID 10728 (C:\Myfile\MH\Senimar\App\ThuyetMinhPhoAmThuc\backend\demo\target\classes started by minht in C:\Myfile\MH\Senimar\App\ThuyetMinhPhoAmThuc\backend\demo)
[2m19:26:22.112[0;39m [32m INFO[0;39m [36mcom.example.demo.DemoApplication        [0;39m : No active profile set, falling back to 1 default profile: "default"
[2m19:26:23.019[0;39m [32m INFO[0;39m [36m.s.d.r.c.RepositoryConfigurationDelegate[0;39m : Bootstrapping Spring Data JPA repositories in DEFAULT mode.
[2m19:26:23.123[0;39m [32m INFO[0;39m [36m.s.d.r.c.RepositoryConfigurationDelegate[0;39m : Finished Spring Data repository scanning in 97 ms. Found 14 JPA repository interfaces.
[2m19:26:23.752[0;39m [32m INFO[0;39m [36mo.s.b.w.embedded.tomcat.TomcatWebServer [0;39m : Tomcat initialized with port 8080 (http)
[2m19:26:23.761[0;39m [32m INFO[0;39m [36mo.apache.catalina.core.StandardService  [0;39m : Starting service [Tomcat]
[2m19:26:23.761[0;39m [32m INFO[0;39m [36mo.apache.catalina.core.StandardEngine   [0;39m : Starting Servlet engine: [Apache Tomcat/10.1.20]
[2m19:26:23.826[0;39m [32m INFO[0;39m [36mo.a.c.c.C.[Tomcat].[localhost].[/]      [0;39m : Initializing Spring embedded WebApplicationContext
[2m19:26:23.826[0;39m [32m INFO[0;39m [36mw.s.c.ServletWebServerApplicationContext[0;39m : Root WebApplicationContext: initialization completed in 1687 ms
Standard Commons Logging discovery in action with spring-jcl: please remove commons-logging.jar from classpath in order to avoid potential conflicts
[2m19:26:24.048[0;39m [32m INFO[0;39m [36mcom.zaxxer.hikari.HikariDataSource      [0;39m : HikariPool-1 - Starting...
[2m19:26:24.157[0;39m [32m INFO[0;39m [36mcom.zaxxer.hikari.pool.HikariPool       [0;39m : HikariPool-1 - Added connection com.mysql.cj.jdbc.ConnectionImpl@3c8fe8ad
[2m19:26:24.158[0;39m [32m INFO[0;39m [36mcom.zaxxer.hikari.HikariDataSource      [0;39m : HikariPool-1 - Start completed.
[2m19:26:24.225[0;39m [32m INFO[0;39m [36mo.f.c.internal.license.VersionPrinter   [0;39m : Flyway Community Edition 9.22.3 by Redgate
[2m19:26:24.225[0;39m [32m INFO[0;39m [36mo.f.c.internal.license.VersionPrinter   [0;39m : See release notes here: https://rd.gt/416ObMi
[2m19:26:24.225[0;39m [32m INFO[0;39m [36mo.f.c.internal.license.VersionPrinter   [0;39m : 
[2m19:26:24.235[0;39m [32m INFO[0;39m [36morg.flywaydb.core.FlywayExecutor        [0;39m : Database: jdbc:mysql://localhost:3306/hung123 (MySQL 8.0)
[2m19:26:24.257[0;39m [32m INFO[0;39m [36mo.f.core.internal.command.DbValidate    [0;39m : Successfully validated 0 migrations (execution time 00:00.007s)
[2m19:26:24.257[0;39m [33m WARN[0;39m [36mo.f.core.internal.command.DbValidate    [0;39m : No migrations found. Are your locations set up correctly?
[2m19:26:24.266[0;39m [32m INFO[0;39m [36mo.f.core.internal.command.DbMigrate     [0;39m : Current version of schema `hung123`: << Empty Schema >>
[2m19:26:24.268[0;39m [32m INFO[0;39m [36mo.f.core.internal.command.DbMigrate     [0;39m : Schema `hung123` is up to date. No migration necessary.
[2m19:26:24.334[0;39m [32m INFO[0;39m [36mo.hibernate.jpa.internal.util.LogHelper [0;39m : HHH000204: Processing PersistenceUnitInfo [name: default]
[2m19:26:24.375[0;39m [32m INFO[0;39m [36morg.hibernate.Version                   [0;39m : HHH000412: Hibernate ORM core version 6.4.4.Final
[2m19:26:24.401[0;39m [32m INFO[0;39m [36mo.h.c.internal.RegionFactoryInitiator   [0;39m : HHH000026: Second-level cache disabled
[2m19:26:24.560[0;39m [32m INFO[0;39m [36mo.s.o.j.p.SpringPersistenceUnitInfo     [0;39m : No LoadTimeWeaver setup: ignoring JPA class transformer
[2m19:26:24.597[0;39m [33m WARN[0;39m [36morg.hibernate.orm.deprecation           [0;39m : HHH90000025: MySQL8Dialect does not need to be specified explicitly using 'hibernate.dialect' (remove the property setting and it will be selected by default)
[2m19:26:24.598[0;39m [33m WARN[0;39m [36morg.hibernate.orm.deprecation           [0;39m : HHH90000026: MySQL8Dialect has been deprecated; use org.hibernate.dialect.MySQLDialect instead
[2m19:26:25.502[0;39m [32m INFO[0;39m [36mo.h.e.t.j.p.i.JtaPlatformInitiator      [0;39m : HHH000489: No JTA platform available (set 'hibernate.transaction.jta.platform' to enable JTA platform integration)
[2m19:26:25.602[0;39m [32m INFO[0;39m [36mj.LocalContainerEntityManagerFactoryBean[0;39m : Initialized JPA EntityManagerFactory for persistence unit 'default'
[2m19:26:25.947[0;39m [32m INFO[0;39m [36mo.s.d.j.r.query.QueryEnhancerFactory    [0;39m : Hibernate is in classpath; If applicable, HQL parser will be used.
[2m19:26:27.257[0;39m [33m WARN[0;39m [36mJpaBaseConfiguration$JpaWebConfiguration[0;39m : spring.jpa.open-in-view is enabled by default. Therefore, database queries may be performed during view rendering. Explicitly configure spring.jpa.open-in-view to disable this warning
[2m19:26:27.597[0;39m [32m INFO[0;39m [36mo.s.b.a.e.web.EndpointLinksResolver     [0;39m : Exposing 1 endpoint(s) beneath base path '/actuator'
[2m19:26:27.685[0;39m [32m INFO[0;39m [36mo.s.s.web.DefaultSecurityFilterChain    [0;39m : Will secure any request with [org.springframework.security.web.session.DisableEncodeUrlFilter@2dc65f44, org.springframework.security.web.context.request.async.WebAsyncManagerIntegrationFilter@191d9e9b, org.springframework.security.web.context.SecurityContextHolderFilter@5d36212a, org.springframework.security.web.header.HeaderWriterFilter@2fa4d438, org.springframework.web.filter.CorsFilter@184c42fc, org.springframework.security.web.authentication.logout.LogoutFilter@161d606f, org.springframework.security.oauth2.server.resource.web.authentication.BearerTokenAuthenticationFilter@4e1acc34, org.springframework.security.web.savedrequest.RequestCacheAwareFilter@5c24ccb2, org.springframework.security.web.servletapi.SecurityContextHolderAwareRequestFilter@610c4933, org.springframework.security.web.authentication.AnonymousAuthenticationFilter@7030fd3, org.springframework.security.web.session.SessionManagementFilter@5325c496, org.springframework.security.web.access.ExceptionTranslationFilter@65e597c7, org.springframework.security.web.access.intercept.AuthorizationFilter@400dacd3]
[2m19:26:28.186[0;39m [32m INFO[0;39m [36mo.s.b.w.embedded.tomcat.TomcatWebServer [0;39m : Tomcat started on port 8080 (http) with context path ''
[2m19:26:28.197[0;39m [32m INFO[0;39m [36mcom.example.demo.DemoApplication        [0;39m : Started DemoApplication in 6.335 seconds (process running for 6.681)
>>> START INIT DATABASE
[2m19:26:28.347[0;39m [32m INFO[0;39m [36m.s.b.a.l.ConditionEvaluationReportLogger[0;39m : 

Error starting ApplicationContext. To display the condition evaluation report re-run your application with 'debug' enabled.
[2m19:26:28.358[0;39m [31mERROR[0;39m [36mo.s.boot.SpringApplication              [0;39m : Application run failed
org.hibernate.LazyInitializationException: failed to lazily initialize a collection of role: com.example.demo.domain.Role.permissions: could not initialize proxy - no Session
	at org.hibernate.collection.spi.AbstractPersistentCollection.throwLazyInitializationException(AbstractPersistentCollection.java:634)
	at org.hibernate.collection.spi.AbstractPersistentCollection.withTemporarySessionIfNeeded(AbstractPersistentCollection.java:217)
	at org.hibernate.collection.spi.AbstractPersistentCollection.initialize(AbstractPersistentCollection.java:613)
	at org.hibernate.collection.spi.AbstractPersistentCollection.read(AbstractPersistentCollection.java:136)
	at org.hibernate.collection.spi.PersistentBag.iterator(PersistentBag.java:371)
	at java.base/java.util.Spliterators$IteratorSpliterator.estimateSize(Spliterators.java:1865)
	at java.base/java.util.Spliterator.getExactSizeIfKnown(Spliterator.java:414)
	at java.base/java.util.stream.AbstractPipeline.copyIntoWithCancel(AbstractPipeline.java:526)
	at java.base/java.util.stream.AbstractPipeline.copyInto(AbstractPipeline.java:513)
	at java.base/java.util.stream.AbstractPipeline.wrapAndCopyInto(AbstractPipeline.java:499)
	at java.base/java.util.stream.MatchOps$MatchOp.evaluateSequential(MatchOps.java:230)
	at java.base/java.util.stream.MatchOps$MatchOp.evaluateSequential(MatchOps.java:196)
	at java.base/java.util.stream.AbstractPipeline.evaluate(AbstractPipeline.java:234)
	at java.base/java.util.stream.ReferencePipeline.anyMatch(ReferencePipeline.java:632)
	at com.example.demo.config.DatabaseInitializer.run(DatabaseInitializer.java:173)
	at org.springframework.boot.SpringApplication.lambda$callRunner$5(SpringApplication.java:790)
	at org.springframework.util.function.ThrowingConsumer$1.acceptWithException(ThrowingConsumer.java:83)
	at org.springframework.util.function.ThrowingConsumer.accept(ThrowingConsumer.java:60)
	at org.springframework.util.function.ThrowingConsumer$1.accept(ThrowingConsumer.java:88)
	at org.springframework.boot.SpringApplication.callRunner(SpringApplication.java:798)
	at org.springframework.boot.SpringApplication.callRunner(SpringApplication.java:789)
	at org.springframework.boot.SpringApplication.lambda$callRunners$3(SpringApplication.java:774)
	at java.base/java.util.stream.ForEachOps$ForEachOp$OfRef.accept(ForEachOps.java:183)
	at java.base/java.util.stream.SortedOps$SizedRefSortingSink.end(SortedOps.java:357)
	at java.base/java.util.stream.AbstractPipeline.copyInto(AbstractPipeline.java:510)
	at java.base/java.util.stream.AbstractPipeline.wrapAndCopyInto(AbstractPipeline.java:499)
	at java.base/java.util.stream.ForEachOps$ForEachOp.evaluateSequential(ForEachOps.java:150)
	at java.base/java.util.stream.ForEachOps$ForEachOp$OfRef.evaluateSequential(ForEachOps.java:173)
	at java.base/java.util.stream.AbstractPipeline.evaluate(AbstractPipeline.java:234)
	at java.base/java.util.stream.ReferencePipeline.forEach(ReferencePipeline.java:596)
	at org.springframework.boot.SpringApplication.callRunners(SpringApplication.java:774)
	at org.springframework.boot.SpringApplication.run(SpringApplication.java:341)
	at org.springframework.boot.SpringApplication.run(SpringApplication.java:1354)
	at org.springframework.boot.SpringApplication.run(SpringApplication.java:1343)
	at com.example.demo.DemoApplication.main(DemoApplication.java:24)
[2m19:26:28.381[0;39m [32m INFO[0;39m [36mj.LocalContainerEntityManagerFactoryBean[0;39m : Closing JPA EntityManagerFactory for persistence unit 'default'
[2m19:26:28.383[0;39m [32m INFO[0;39m [36mcom.zaxxer.hikari.HikariDataSource      [0;39m : HikariPool-1 - Shutdown initiated...
[2m19:26:28.387[0;39m [32m INFO[0;39m [36mcom.zaxxer.hikari.HikariDataSource      [0;39m : HikariPool-1 - Shutdown completed.
[INFO] ------------------------------------------------------------------------
[INFO] BUILD FAILURE
[INFO] ------------------------------------------------------------------------
[INFO] Total time:  14.858 s
[INFO] Finished at: 2026-04-14T19:26:28+07:00
[INFO] ------------------------------------------------------------------------
[ERROR] Failed to execute goal org.springframework.boot:spring-boot-maven-plugin:3.2.5:run (default-cli) on project demo: Process terminated with exit code: 1 -> [Help 1]
[ERROR] 
[ERROR] To see the full stack trace of the errors, re-run Maven with the -e switch.
[ERROR] Re-run Maven using the -X switch to enable full debug logging.
[ERROR] 
[ERROR] For more information about the errors and possible solutions, please read the following articles:
[ERROR] [Help 1] http://cwiki.apache.org/confluence/display/MAVEN/MojoExecutionException
